Funcionalidade: Todo List

  Cenário: Criar um cartão de Todo
    Dado que eu esteja na página ... passed in 2.002s
    Quando cria um todo ... passed in 0.829s
      """
          {
              "nome": "Dormir",
              "descricao": ["é bom"]
          }
      """
    Então o todo deve estar na pilha "A fazer" ... passed in 0.075s

  Cenário: Criar dois cartões de Todo
    Dado que eu esteja na página ... passed in 0.588s
    Quando cria os seguintes todos ... passed in 0.343s
      | nome   | descricao   |
      | Dormir | é bom       |
      | Comer  | Ao meio dia |
    Então o todo deve estar na pilha t "A fazer" ... passed in 0.088s
      | nome   | descricao |
      | Dormir | é bom     |

